...
┌ ⛵ image backend
│ ┌ Building stage backend/dockerfile
│ │ backend/dockerfile  Sending build context to Docker daemon  523.8kB
│ │ backend/dockerfile  Step 1/19 : FROM php:8.0-fpm-alpine as base
│ │ backend/dockerfile   ---> 52c511f481c5
...
│ │ backend/dockerfile  Successfully built 827b4e8a1dbc
│ │ backend/dockerfile  Successfully tagged 84faa251-5b40-47ec-b3ff-15f5e74ca2c0:latest
│ ├ Info
│ │      name: <DOCKER HUB USERNAME>/werf-guide-app:ec74eb832fd53166cee3165029dc1972ccfaca61f6c8c4c16764ff74-1634030394327
│ │        id: 827b4e8a1dbc
│ │   created: 2022-10-12 12:19:54 +0000 UTC
│ │      size: 58.9 MiB
│ └ Building stage backend/dockerfile (31.12 seconds)
└ ⛵ image backend (37.41 seconds)

┌ ⛵ image frontend
│ ┌ Building stage frontend/dockerfile
│ │ frontend/dockerfile  Sending build context to Docker daemon  523.8kB
│ │ frontend/dockerfile  Step 1/30 : FROM php:8.0-fpm-alpine as base
│ │ frontend/dockerfile   ---> 52c511f481c5
...
│ │ frontend/dockerfile  Successfully built b9edbffedeaa
│ │ frontend/dockerfile  Successfully tagged a0ef6fe8-6c05-47fe-9bcb-61ae41007bff:latest
│ ├ Info
│ │      name: <DOCKER HUB USERNAME>/werf-guide-app:28b54c42d4db8dcdfe88212b67869b896dffb94a47590c5aa9916ef7-1634030450234
│ │        id: b9edbffedeaa
│ │   created: 2022-10-12 12:20:50 +0000 UTC
│ │      size: 9.4 MiB
│ └ Building stage frontend/dockerfile (81.60 seconds)
└ ⛵ image frontend (87.70 seconds)

┌ Waiting for release resources to become ready
│ ┌ Status progress
│ │ DEPLOYMENT                                                                                      REPLICAS          AVAILABLE           UP-TO-DATE
│ │ werf-guide-app                                                                                  2->1/1            1                   1
│ │ │   POD                                 READY        RESTARTS          STATUS
│ │ ├── guide-app-5bb9488dd8-k7cf6          2/2          0                 ContainerCreating ->
│ │ │                                                                      Running
│ │ └── guide-app-8848f446b-7hmkl           2/2          0                 Running -> Terminating
│ │ STATEFULSET                                                                                     REPLICAS          READY               UP-TO-DATE
│ │ minio                                                                                           1/1               1                   1
│ │ mysql                                                                                           1/1               1                   1                            ↵
│ │
│ └ Status progress
└ Waiting for release resources to become ready (13.39 seconds)
...
┌ Waiting for helm hook job/setup-minio termination
│ ┌ job/setup-minio po/setup-minio-xx2np container/setup-minio logs
│ │ Added `minio` successfully.
│ │ Bucket created successfully `minio/werf-guide-app`.
│ └ job/setup-minio po/setup-minio-xx2np container/setup-minio logs
│
│ ┌ Status progress
│ │ JOB                                                                                             ACTIVE            DURATION            SUCCEEDED/FAILED
│ │ setup-minio                                                                                     0                 13s                 0->1/0
│ │ │   POD                                 READY        RESTARTS          STATUS
│ │ └── minio-xx2np                         0/1          0                 Running -> Completed
│ └ Status progress
└ Waiting for helm hook job/setup-minio termination (13.96 seconds)

NAME: werf-guide-app
LAST DEPLOYED: Tue Oct 12 12:21:07 2022
NAMESPACE: werf-guide-app
STATUS: deployed
REVISION: 18
TEST SUITE: None
Running time 142.49 seconds
