...
┌ ⛵ image backend
│ ┌ Building stage backend/dockerfile
│ │ backend/dockerfile  Sending build context to Docker daemon    533kB
│ │ backend/dockerfile  Step 1/19 : FROM php:8.0-fpm-alpine as base
│ │ backend/dockerfile   ---> 52c511f481c5
...
│ │ backend/dockerfile  Successfully built 91ec44f42d84
│ │ backend/dockerfile  Successfully tagged d972fcf1-88cc-4a11-a2b8-e76e397914f1:latest
│ ├ Info
│ │      name: golovinps/werf-guide-app:b12f6a22c119f88d808e9bf5daf5bb0eab8138f0539769e478647e70-1634037356083
│ │        id: 91ec44f42d84
│ │   created: 2022-10-12 14:15:55 +0000 UTC
│ │      size: 58.9 MiB
│ └ Building stage backend/dockerfile (19.73 seconds)
└ ⛵ image backend (24.98 seconds)

┌ ⛵ image frontend
│ ┌ Building stage frontend/dockerfile
│ │ frontend/dockerfile  Sending build context to Docker daemon    533kB
│ │ frontend/dockerfile  Step 1/29 : FROM php:8.0-fpm-alpine as base
│ │ frontend/dockerfile   ---> 52c511f481c5
...
│ │ frontend/dockerfile  Successfully built a61e4952387d
│ │ frontend/dockerfile  Successfully tagged b6cc14ad-f7d6-47d9-a53d-b53cd80838d3:latest
│ ├ Info
│ │      name: golovinps/werf-guide-app:55170630d763de2af7ac5f4ca4a3c1bdb4f98c9782e99fdd8b07d2bb-1634037415695
│ │        id: a61e4952387d
│ │   created: 2022-10-12 14:16:55 +0000 UTC
│ │      size: 9.4 MiB
│ └ Building stage frontend/dockerfile (77.28 seconds)
└ ⛵ image frontend (82.49 seconds)

┌ Waiting for release resources to become ready
│ ┌ Status progress
│ │ DEPLOYMENT                                                                                      REPLICAS          AVAILABLE           UP-TO-DATE
│ │ werf-guide-app                                                                                  1/1               1                   1
│ │ │   POD                                 READY        RESTARTS          STATUS
│ │ ├── guide-app-54d48f7d4-zvkqd           2/2          0                 Running
│ │ └── guide-app-6b8cf46f5b-zj4d9          2/2          0                 Terminating
│ │ STATEFULSET                                                                                     REPLICAS          READY               UP-TO-DATE
│ │ minio                                                                                           1/1               1                   1
│ │ mysql                                                                                           1/1               0->1                1                            ↵
│ │
│ │ │   POD                                 READY        RESTARTS          STATUS
│ │ └── 0                                   0/1          0                 ContainerCreating
│ └ Status progress
└ Waiting for release resources to become ready (30.34 seconds)

┌ Waiting for helm hook job/migrate-db termination
│ ┌ job/migrate-db po/migrate-db-vvtfd container/migrate-db logs
│ │ mysqld is alive
│ │ Nothing to migrate.
│ └ job/migrate-db po/migrate-db-vvtfd container/migrate-db logs
│
│ ┌ Status progress
│ │ JOB                                                                                             ACTIVE            DURATION            SUCCEEDED/FAILED
│ │ migrate-db                                                                                      0                 13s                 0->1/0
│ │ │   POD                                 READY        RESTARTS          STATUS
│ │ └── db-vvtfd                            0/1          0                 Running -> Completed
│ └ Status progress
└ Waiting for helm hook job/migrate-db termination (13.08 seconds)

┌ Waiting for helm hook job/setup-minio termination
│ ┌ Status progress
│ │ JOB                                                                                             ACTIVE            DURATION            SUCCEEDED/FAILED
│ │ setup-minio                                                                                     0                 13s                 0->1/0
│ │ │   POD                                 READY        RESTARTS          STATUS
│ │ └── minio-d8cmm                         0/1          0                 Running -> Completed
│ └ Status progress
└ Waiting for helm hook job/setup-minio termination (14.02 seconds)

Release "werf-guide-app" has been upgraded. Happy Helming!
NAME: werf-guide-app
LAST DEPLOYED: Tue Oct 12 14:17:12 2022
NAMESPACE: werf-guide-app
STATUS: deployed
REVISION: 20
TEST SUITE: None
Running time 155.26 seconds
